<?xml version="1.0" encoding="UTF-8"?>
<testsuite xmlns:xsi="http://www.w3.org/2001/XMLSchema-instance" xsi:noNamespaceSchemaLocation="https://maven.apache.org/surefire/maven-surefire-plugin/xsd/surefire-test-report-3.0.xsd" version="3.0" name="lucas.trabalho_1.data_structures.SinglyLinkedListTest" time="0.087" tests="15" errors="0" skipped="0" failures="0">
  <properties>
[...]
</properties>
  <testcase name="testDeleteAtEnd" classname="lucas.trabalho_1.data_structures.SinglyLinkedListTest" time="0.034"/>
  <testcase name="testEmpty" classname="lucas.trabalho_1.data_structures.SinglyLinkedListTest" time="0.002"/>
  <testcase name="testGetAt" classname="lucas.trabalho_1.data_structures.SinglyLinkedListTest" time="0.002"/>
  <testcase name="testHead" classname="lucas.trabalho_1.data_structures.SinglyLinkedListTest" time="0.001"/>
  <testcase name="testSize" classname="lucas.trabalho_1.data_structures.SinglyLinkedListTest" time="0.001"/>
  <testcase name="testToString" classname="lucas.trabalho_1.data_structures.SinglyLinkedListTest" time="0.001"/>
  <testcase name="testInsertAtEnd" classname="lucas.trabalho_1.data_structures.SinglyLinkedListTest" time="0.001"/>
  <testcase name="testDeleteAtBeginning" classname="lucas.trabalho_1.data_structures.SinglyLinkedListTest" time="0.002"/>
  <testcase name="testContains" classname="lucas.trabalho_1.data_structures.SinglyLinkedListTest" time="0.001"/>
  <testcase name="testInsertAtIndex" classname="lucas.trabalho_1.data_structures.SinglyLinkedListTest" time="0.001"/>
  <testcase name="testGetTailNode" classname="lucas.trabalho_1.data_structures.SinglyLinkedListTest" time="0.001"/>
  <testcase name="testDeleteAtIndex" classname="lucas.trabalho_1.data_structures.SinglyLinkedListTest" time="0.001"/>
  <testcase name="testIndexOf" classname="lucas.trabalho_1.data_structures.SinglyLinkedListTest" time="0.001"/>
  <testcase name="testInsertAtBeginning" classname="lucas.trabalho_1.data_structures.SinglyLinkedListTest" time="0.0"/>
  <testcase name="testDeleteByValue" classname="lucas.trabalho_1.data_structures.SinglyLinkedListTest" time="0.001"/>
</testsuite>